<?xml version="1.0" encoding="UTF-8"?>
<!-- Generated by org.testng.reporters.JUnitXMLReporter -->
<testsuite hostname="Lyafa-ПК" ignored="0" name="4" tests="2" failures="2" timestamp="24 дек 2017 12:48:05 GMT" time="22.84" errors="0">
  <testcase name="NoName" time="0.115" classname="com.android.app.TestIntKids">
    <failure type="org.openqa.selenium.WebDriverException" message="Method has not yet been implemented (WARNING: The server did not provide any stacktrace information)
Command duration or timeout: 0 milliseconds
Build info: version: &amp;apos;3.8.1&amp;apos;, revision: &amp;apos;6e95a6684b&amp;apos;, time: &amp;apos;2017-12-01T18:33:54.468Z&amp;apos;
System info: host: &amp;apos;LYAFA-ПК&amp;apos;, ip: &amp;apos;169.254.134.105&amp;apos;, os.name: &amp;apos;Windows 7&amp;apos;, os.arch: &amp;apos;amd64&amp;apos;, os.version: &amp;apos;6.1&amp;apos;, java.version: &amp;apos;1.8.0_151&amp;apos;
Driver info: io.appium.java_client.android.AndroidDriver
Capabilities {appActivity: com.unity3d.player.UnityPla..., appPackage: com.intellectokids.academy, browserName: Android, databaseEnabled: false, desired: {appActivity: com.unity3d.player.UnityPla..., appPackage: com.intellectokids.academy, browserName: Android, deviceName: X9LDU16226002597, platformName: Android, version: 6.0}, deviceManufacturer: HUAWEI, deviceModel: H60-L04, deviceName: X9LDU16226002597, deviceScreenSize: 1080x1920, deviceUDID: X9LDU16226002597, javascriptEnabled: true, locationContextEnabled: false, networkConnectionEnabled: true, platform: LINUX, platformName: LINUX, platformVersion: 6.0, takesScreenshot: true, version: 6.0, warnings: {}, webStorageEnabled: false}
Session ID: a2069db7-d906-4563-afae-4e90838194af">
      <![CDATA[org.openqa.selenium.WebDriverException: Method has not yet been implemented (WARNING: The server did not provide any stacktrace information)Command duration or timeout: 0 millisecondsBuild info: version: '3.8.1', revision: '6e95a6684b', time: '2017-12-01T18:33:54.468Z'System info: host: 'LYAFA-ПК', ip: '169.254.134.105', os.name: 'Windows 7', os.arch: 'amd64', os.version: '6.1', java.version: '1.8.0_151'Driver info: io.appium.java_client.android.AndroidDriverCapabilities {appActivity: com.unity3d.player.UnityPla..., appPackage: com.intellectokids.academy, browserName: Android, databaseEnabled: false, desired: {appActivity: com.unity3d.player.UnityPla..., appPackage: com.intellectokids.academy, browserName: Android, deviceName: X9LDU16226002597, platformName: Android, version: 6.0}, deviceManufacturer: HUAWEI, deviceModel: H60-L04, deviceName: X9LDU16226002597, deviceScreenSize: 1080x1920, deviceUDID: X9LDU16226002597, javascriptEnabled: true, locationContextEnabled: false, networkConnectionEnabled: true, platform: LINUX, platformName: LINUX, platformVersion: 6.0, takesScreenshot: true, version: 6.0, warnings: {}, webStorageEnabled: false}Session ID: a2069db7-d906-4563-afae-4e90838194afat org.openqa.selenium.remote.ErrorHandler.createThrowable(ErrorHandler.java:214)at org.openqa.selenium.remote.ErrorHandler.throwIfResponseFailed(ErrorHandler.java:166)at org.openqa.selenium.remote.http.JsonHttpResponseCodec.reconstructValue(JsonHttpResponseCodec.java:40)at org.openqa.selenium.remote.http.AbstractHttpResponseCodec.decode(AbstractHttpResponseCodec.java:80)at org.openqa.selenium.remote.http.AbstractHttpResponseCodec.decode(AbstractHttpResponseCodec.java:44)at org.openqa.selenium.remote.HttpCommandExecutor.execute(HttpCommandExecutor.java:164)at io.appium.java_client.remote.AppiumCommandExecutor.execute(AppiumCommandExecutor.java:89)at org.openqa.selenium.remote.RemoteWebDriver.execute(RemoteWebDriver.java:601)at io.appium.java_client.DefaultGenericMobileDriver.execute(DefaultGenericMobileDriver.java:42)at io.appium.java_client.AppiumDriver.execute(AppiumDriver.java:1)at io.appium.java_client.android.AndroidDriver.execute(AndroidDriver.java:1)at org.openqa.selenium.remote.RemoteExecuteMethod.execute(RemoteExecuteMethod.java:35)at org.openqa.selenium.remote.RemoteMouse.mouseMove(RemoteMouse.java:97)at org.openqa.selenium.interactions.MoveToOffsetAction.perform(MoveToOffsetAction.java:49)at org.openqa.selenium.interactions.CompositeAction.perform(CompositeAction.java:36)at org.openqa.selenium.interactions.Actions$BuiltAction.perform(Actions.java:641)at org.openqa.selenium.interactions.Actions.perform(Actions.java:594)at com.android.app.TestIntKids.NoName(TestIntKids.java:62)... Removed 33 stack frames]]>
    </failure>
  </testcase> <!-- NoName -->
  <testcase name="NoName1" time="0.015" classname="com.android.app.TestIntKids">
    <failure type="org.openqa.selenium.WebDriverException" message="Method has not yet been implemented (WARNING: The server did not provide any stacktrace information)
Command duration or timeout: 0 milliseconds
Build info: version: &amp;apos;3.8.1&amp;apos;, revision: &amp;apos;6e95a6684b&amp;apos;, time: &amp;apos;2017-12-01T18:33:54.468Z&amp;apos;
System info: host: &amp;apos;LYAFA-ПК&amp;apos;, ip: &amp;apos;169.254.134.105&amp;apos;, os.name: &amp;apos;Windows 7&amp;apos;, os.arch: &amp;apos;amd64&amp;apos;, os.version: &amp;apos;6.1&amp;apos;, java.version: &amp;apos;1.8.0_151&amp;apos;
Driver info: io.appium.java_client.android.AndroidDriver
Capabilities {appActivity: com.unity3d.player.UnityPla..., appPackage: com.intellectokids.academy, browserName: Android, databaseEnabled: false, desired: {appActivity: com.unity3d.player.UnityPla..., appPackage: com.intellectokids.academy, browserName: Android, deviceName: X9LDU16226002597, platformName: Android, version: 6.0}, deviceManufacturer: HUAWEI, deviceModel: H60-L04, deviceName: X9LDU16226002597, deviceScreenSize: 1080x1920, deviceUDID: X9LDU16226002597, javascriptEnabled: true, locationContextEnabled: false, networkConnectionEnabled: true, platform: LINUX, platformName: LINUX, platformVersion: 6.0, takesScreenshot: true, version: 6.0, warnings: {}, webStorageEnabled: false}
Session ID: a2069db7-d906-4563-afae-4e90838194af">
      <![CDATA[org.openqa.selenium.WebDriverException: Method has not yet been implemented (WARNING: The server did not provide any stacktrace information)Command duration or timeout: 0 millisecondsBuild info: version: '3.8.1', revision: '6e95a6684b', time: '2017-12-01T18:33:54.468Z'System info: host: 'LYAFA-ПК', ip: '169.254.134.105', os.name: 'Windows 7', os.arch: 'amd64', os.version: '6.1', java.version: '1.8.0_151'Driver info: io.appium.java_client.android.AndroidDriverCapabilities {appActivity: com.unity3d.player.UnityPla..., appPackage: com.intellectokids.academy, browserName: Android, databaseEnabled: false, desired: {appActivity: com.unity3d.player.UnityPla..., appPackage: com.intellectokids.academy, browserName: Android, deviceName: X9LDU16226002597, platformName: Android, version: 6.0}, deviceManufacturer: HUAWEI, deviceModel: H60-L04, deviceName: X9LDU16226002597, deviceScreenSize: 1080x1920, deviceUDID: X9LDU16226002597, javascriptEnabled: true, locationContextEnabled: false, networkConnectionEnabled: true, platform: LINUX, platformName: LINUX, platformVersion: 6.0, takesScreenshot: true, version: 6.0, warnings: {}, webStorageEnabled: false}Session ID: a2069db7-d906-4563-afae-4e90838194afat org.openqa.selenium.remote.ErrorHandler.createThrowable(ErrorHandler.java:214)at org.openqa.selenium.remote.ErrorHandler.throwIfResponseFailed(ErrorHandler.java:166)at org.openqa.selenium.remote.http.JsonHttpResponseCodec.reconstructValue(JsonHttpResponseCodec.java:40)at org.openqa.selenium.remote.http.AbstractHttpResponseCodec.decode(AbstractHttpResponseCodec.java:80)at org.openqa.selenium.remote.http.AbstractHttpResponseCodec.decode(AbstractHttpResponseCodec.java:44)at org.openqa.selenium.remote.HttpCommandExecutor.execute(HttpCommandExecutor.java:164)at io.appium.java_client.remote.AppiumCommandExecutor.execute(AppiumCommandExecutor.java:89)at org.openqa.selenium.remote.RemoteWebDriver.execute(RemoteWebDriver.java:601)at io.appium.java_client.DefaultGenericMobileDriver.execute(DefaultGenericMobileDriver.java:42)at io.appium.java_client.AppiumDriver.execute(AppiumDriver.java:1)at io.appium.java_client.android.AndroidDriver.execute(AndroidDriver.java:1)at org.openqa.selenium.remote.RemoteExecuteMethod.execute(RemoteExecuteMethod.java:35)at org.openqa.selenium.remote.RemoteMouse.mouseMove(RemoteMouse.java:97)at org.openqa.selenium.interactions.MoveToOffsetAction.perform(MoveToOffsetAction.java:49)at org.openqa.selenium.interactions.CompositeAction.perform(CompositeAction.java:36)at org.openqa.selenium.interactions.Actions$BuiltAction.perform(Actions.java:641)at org.openqa.selenium.interactions.Actions.perform(Actions.java:594)at com.android.app.TestIntKids.NoName1(TestIntKids.java:70)... Removed 33 stack frames]]>
    </failure>
  </testcase> <!-- NoName1 -->
</testsuite> <!-- 4 -->
