# JRE version: Java(TM) SE Runtime Environment (8.0_151-b12) (build 1.8.0_151-b12)
# Java VM: Java HotSpot(TM) 64-Bit Server VM (25.151-b12 mixed mode windows-amd64 compressed oops)
Heap:
 PSYoungGen      total 71168K, used 25909K [0x00000000eb300000, 0x00000000f0000000, 0x0000000100000000)
  eden space 65024K, 31% used [0x00000000eb300000,0x00000000ec748620,0x00000000ef280000)
  from space 6144K, 83% used [0x00000000ef900000,0x00000000efe04fe0,0x00000000eff00000)
  to   space 6656K, 0% used [0x00000000ef280000,0x00000000ef280000,0x00000000ef900000)
 ParOldGen       total 44032K, used 10911K [0x00000000c1800000, 0x00000000c4300000, 0x00000000eb300000)
  object space 44032K, 24% used [0x00000000c1800000,0x00000000c22a7d68,0x00000000c4300000)
 Metaspace       used 19899K, capacity 20338K, committed 20480K, reserved 1067008K
  class space    used 2422K, capacity 2559K, committed 2560K, reserved 1048576K
GC Heap History (10 events):
Event: 6.927 GC heap before
{Heap before GC invocations=4 (full 0):
 PSYoungGen      total 18944K, used 18944K [0x00000000eb300000, 0x00000000ec800000, 0x0000000100000000)
  eden space 16384K, 100% used [0x00000000eb300000,0x00000000ec300000,0x00000000ec300000)
  from space 2560K, 100% used [0x00000000ec300000,0x00000000ec580000,0x00000000ec580000)
  to   space 2560K, 0% used [0x00000000ec580000,0x00000000ec580000,0x00000000ec800000)
 ParOldGen       total 44032K, used 3719K [0x00000000c1800000, 0x00000000c4300000, 0x00000000eb300000)
  object space 44032K, 8% used [0x00000000c1800000,0x00000000c1ba1e48,0x00000000c4300000)
 Metaspace       used 12844K, capacity 13036K, committed 13312K, reserved 1060864K
  class space    used 1638K, capacity 1740K, committed 1792K, reserved 1048576K
Event: 6.944 GC heap after
Heap after GC invocations=4 (full 0):
 PSYoungGen      total 18944K, used 2544K [0x00000000eb300000, 0x00000000ed800000, 0x0000000100000000)
  eden space 16384K, 0% used [0x00000000eb300000,0x00000000eb300000,0x00000000ec300000)
  from space 2560K, 99% used [0x00000000ec580000,0x00000000ec7fc030,0x00000000ec800000)
  to   space 2560K, 0% used [0x00000000ec300000,0x00000000ec300000,0x00000000ec580000)
 ParOldGen       total 44032K, used 6571K [0x00000000c1800000, 0x00000000c4300000, 0x00000000eb300000)
  object space 44032K, 14% used [0x00000000c1800000,0x00000000c1e6ada0,0x00000000c4300000)
 Metaspace       used 12844K, capacity 13036K, committed 13312K, reserved 1060864K
  class space    used 1638K, capacity 1740K, committed 1792K, reserved 1048576K
}
Event: 8.004 GC heap before
{Heap before GC invocations=5 (full 0):
 PSYoungGen      total 18944K, used 18928K [0x00000000eb300000, 0x00000000ed800000, 0x0000000100000000)
  eden space 16384K, 100% used [0x00000000eb300000,0x00000000ec300000,0x00000000ec300000)
  from space 2560K, 99% used [0x00000000ec580000,0x00000000ec7fc030,0x00000000ec800000)
  to   space 2560K, 0% used [0x00000000ec300000,0x00000000ec300000,0x00000000ec580000)
 ParOldGen       total 44032K, used 6571K [0x00000000c1800000, 0x00000000c4300000, 0x00000000eb300000)
  object space 44032K, 14% used [0x00000000c1800000,0x00000000c1e6ada0,0x00000000c4300000)
 Metaspace       used 14721K, capacity 14920K, committed 15232K, reserved 1062912K
  class space    used 1823K, capacity 1910K, committed 1920K, reserved 1048576K
Event: 8.013 GC heap after
Heap after GC invocations=5 (full 0):
 PSYoungGen      total 18944K, used 2544K [0x00000000eb300000, 0x00000000ee000000, 0x0000000100000000)
  eden space 16384K, 0% used [0x00000000eb300000,0x00000000eb300000,0x00000000ec300000)
  from space 2560K, 99% used [0x00000000ec300000,0x00000000ec57c010,0x00000000ec580000)
  to   space 6656K, 0% used [0x00000000ed980000,0x00000000ed980000,0x00000000ee000000)
 ParOldGen       total 44032K, used 9153K [0x00000000c1800000, 0x00000000c4300000, 0x00000000eb300000)
  object space 44032K, 20% used [0x00000000c1800000,0x00000000c20f04d8,0x00000000c4300000)
 Metaspace       used 14721K, capacity 14920K, committed 15232K, reserved 1062912K
  class space    used 1823K, capacity 1910K, committed 1920K, reserved 1048576K
}
Event: 8.882 GC heap before
{Heap before GC invocations=6 (full 0):
 PSYoungGen      total 18944K, used 18928K [0x00000000eb300000, 0x00000000ee000000, 0x0000000100000000)
  eden space 16384K, 100% used [0x00000000eb300000,0x00000000ec300000,0x00000000ec300000)
  from space 2560K, 99% used [0x00000000ec300000,0x00000000ec57c010,0x00000000ec580000)
  to   space 6656K, 0% used [0x00000000ed980000,0x00000000ed980000,0x00000000ee000000)
 ParOldGen       total 44032K, used 9153K [0x00000000c1800000, 0x00000000c4300000, 0x00000000eb300000)
  object space 44032K, 20% used [0x00000000c1800000,0x00000000c20f04d8,0x00000000c4300000)
 Metaspace       used 14914K, capacity 15124K, committed 15232K, reserved 1062912K
  class space    used 1829K, capacity 1912K, committed 1920K, reserved 1048576K
Event: 8.896 GC heap after
Heap after GC invocations=6 (full 0):
 PSYoungGen      total 38400K, used 4032K [0x00000000eb300000, 0x00000000edf00000, 0x0000000100000000)
  eden space 32768K, 0% used [0x00000000eb300000,0x00000000eb300000,0x00000000ed300000)
  from space 5632K, 71% used [0x00000000ed980000,0x00000000edd70000,0x00000000edf00000)
  to   space 6144K, 0% used [0x00000000ed300000,0x00000000ed300000,0x00000000ed900000)
 ParOldGen       total 44032K, used 9153K [0x00000000c1800000, 0x00000000c4300000, 0x00000000eb300000)
  object space 44032K, 20% used [0x00000000c1800000,0x00000000c20f04d8,0x00000000c4300000)
 Metaspace       used 14914K, capacity 15124K, committed 15232K, reserved 1062912K
  class space    used 1829K, capacity 1912K, committed 1920K, reserved 1048576K
}
Event: 10.953 GC heap before
{Heap before GC invocations=7 (full 0):
 PSYoungGen      total 38400K, used 36800K [0x00000000eb300000, 0x00000000edf00000, 0x0000000100000000)
  eden space 32768K, 100% used [0x00000000eb300000,0x00000000ed300000,0x00000000ed300000)
  from space 5632K, 71% used [0x00000000ed980000,0x00000000edd70000,0x00000000edf00000)
  to   space 6144K, 0% used [0x00000000ed300000,0x00000000ed300000,0x00000000ed900000)
 ParOldGen       total 44032K, used 9153K [0x00000000c1800000, 0x00000000c4300000, 0x00000000eb300000)
  object space 44032K, 20% used [0x00000000c1800000,0x00000000c20f04d8,0x00000000c4300000)
 Metaspace       used 15703K, capacity 16086K, committed 16384K, reserved 1062912K
  class space    used 1904K, capacity 1991K, committed 2048K, reserved 1048576K
Event: 10.969 GC heap after
Heap after GC invocations=7 (full 0):
 PSYoungGen      total 38912K, used 4784K [0x00000000eb300000, 0x00000000eff00000, 0x0000000100000000)
  eden space 32768K, 0% used [0x00000000eb300000,0x00000000eb300000,0x00000000ed300000)
  from space 6144K, 77% used [0x00000000ed300000,0x00000000ed7ac010,0x00000000ed900000)
  to   space 6144K, 0% used [0x00000000ef900000,0x00000000ef900000,0x00000000eff00000)
 ParOldGen       total 44032K, used 9913K [0x00000000c1800000, 0x00000000c4300000, 0x00000000eb300000)
  object space 44032K, 22% used [0x00000000c1800000,0x00000000c21ae528,0x00000000c4300000)
 Metaspace       used 15703K, capacity 16086K, committed 16384K, reserved 1062912K
  class space    used 1904K, capacity 1991K, committed 2048K, reserved 1048576K
}
Event: 12.535 GC heap before
{Heap before GC invocations=8 (full 0):
 PSYoungGen      total 38912K, used 37549K [0x00000000eb300000, 0x00000000eff00000, 0x0000000100000000)
  eden space 32768K, 99% used [0x00000000eb300000,0x00000000ed2ff408,0x00000000ed300000)
  from space 6144K, 77% used [0x00000000ed300000,0x00000000ed7ac010,0x00000000ed900000)
  to   space 6144K, 0% used [0x00000000ef900000,0x00000000ef900000,0x00000000eff00000)
 ParOldGen       total 44032K, used 9913K [0x00000000c1800000, 0x00000000c4300000, 0x00000000eb300000)
  object space 44032K, 22% used [0x00000000c1800000,0x00000000c21ae528,0x00000000c4300000)
 Metaspace       used 16192K, capacity 16590K, committed 16640K, reserved 1064960K
  class space    used 1933K, capacity 2031K, committed 2048K, reserved 1048576K
Event: 12.568 GC heap after
Heap after GC invocations=8 (full 0):
 PSYoungGen      total 71168K, used 5139K [0x00000000eb300000, 0x00000000f0000000, 0x0000000100000000)
  eden space 65024K, 0% used [0x00000000eb300000,0x00000000eb300000,0x00000000ef280000)
  from space 6144K, 83% used [0x00000000ef900000,0x00000000efe04fe0,0x00000000eff00000)
  to   space 6656K, 0% used [0x00000000ef280000,0x00000000ef280000,0x00000000ef900000)
 ParOldGen       total 44032K, used 10911K [0x00000000c1800000, 0x00000000c4300000, 0x00000000eb300000)
  object space 44032K, 24% used [0x00000000c1800000,0x00000000c22a7d68,0x00000000c4300000)
 Metaspace       used 16192K, capacity 16590K, committed 16640K, reserved 1064960K
  class space    used 1933K, capacity 2031K, committed 2048K, reserved 1048576K
}

