# JRE version: Java(TM) SE Runtime Environment (8.0_151-b12) (build 1.8.0_151-b12)
# Java VM: Java HotSpot(TM) 64-Bit Server VM (25.151-b12 mixed mode windows-amd64 compressed oops)
Heap:
 PSYoungGen      total 37888K, used 25404K [0x00000000eb300000, 0x00000000efd00000, 0x0000000100000000)
  eden space 30720K, 65% used [0x00000000eb300000,0x00000000ec6be190,0x00000000ed100000)
  from space 7168K, 72% used [0x00000000ed100000,0x00000000ed610ff0,0x00000000ed800000)
  to   space 7168K, 0% used [0x00000000ef600000,0x00000000ef600000,0x00000000efd00000)
 ParOldGen       total 44032K, used 11458K [0x00000000c1800000, 0x00000000c4300000, 0x00000000eb300000)
  object space 44032K, 26% used [0x00000000c1800000,0x00000000c2330b88,0x00000000c4300000)
 Metaspace       used 19803K, capacity 20186K, committed 20224K, reserved 1067008K
  class space    used 2418K, capacity 2551K, committed 2560K, reserved 1048576K
GC Heap History (10 events):
Event: 5.651 GC heap before
{Heap before GC invocations=3 (full 0):
 PSYoungGen      total 18944K, used 18942K [0x00000000eb300000, 0x00000000ec800000, 0x0000000100000000)
  eden space 16384K, 100% used [0x00000000eb300000,0x00000000ec300000,0x00000000ec300000)
  from space 2560K, 99% used [0x00000000ec580000,0x00000000ec7ffa10,0x00000000ec800000)
  to   space 2560K, 0% used [0x00000000ec300000,0x00000000ec300000,0x00000000ec580000)
 ParOldGen       total 44032K, used 1640K [0x00000000c1800000, 0x00000000c4300000, 0x00000000eb300000)
  object space 44032K, 3% used [0x00000000c1800000,0x00000000c199a1b0,0x00000000c4300000)
 Metaspace       used 10424K, capacity 10602K, committed 10880K, reserved 1058816K
  class space    used 1305K, capacity 1383K, committed 1408K, reserved 1048576K
Event: 5.659 GC heap after
Heap after GC invocations=3 (full 0):
 PSYoungGen      total 18944K, used 2560K [0x00000000eb300000, 0x00000000ed800000, 0x0000000100000000)
  eden space 16384K, 0% used [0x00000000eb300000,0x00000000eb300000,0x00000000ec300000)
  from space 2560K, 100% used [0x00000000ec300000,0x00000000ec580000,0x00000000ec580000)
  to   space 2560K, 0% used [0x00000000ed580000,0x00000000ed580000,0x00000000ed800000)
 ParOldGen       total 44032K, used 3794K [0x00000000c1800000, 0x00000000c4300000, 0x00000000eb300000)
  object space 44032K, 8% used [0x00000000c1800000,0x00000000c1bb4ae0,0x00000000c4300000)
 Metaspace       used 10424K, capacity 10602K, committed 10880K, reserved 1058816K
  class space    used 1305K, capacity 1383K, committed 1408K, reserved 1048576K
}
Event: 6.358 GC heap before
{Heap before GC invocations=4 (full 0):
 PSYoungGen      total 18944K, used 18944K [0x00000000eb300000, 0x00000000ed800000, 0x0000000100000000)
  eden space 16384K, 100% used [0x00000000eb300000,0x00000000ec300000,0x00000000ec300000)
  from space 2560K, 100% used [0x00000000ec300000,0x00000000ec580000,0x00000000ec580000)
  to   space 2560K, 0% used [0x00000000ed580000,0x00000000ed580000,0x00000000ed800000)
 ParOldGen       total 44032K, used 3794K [0x00000000c1800000, 0x00000000c4300000, 0x00000000eb300000)
  object space 44032K, 8% used [0x00000000c1800000,0x00000000c1bb4ae0,0x00000000c4300000)
 Metaspace       used 12851K, capacity 13036K, committed 13312K, reserved 1060864K
  class space    used 1638K, capacity 1740K, committed 1792K, reserved 1048576K
Event: 6.369 GC heap after
Heap after GC invocations=4 (full 0):
 PSYoungGen      total 35328K, used 2544K [0x00000000eb300000, 0x00000000ed800000, 0x0000000100000000)
  eden space 32768K, 0% used [0x00000000eb300000,0x00000000eb300000,0x00000000ed300000)
  from space 2560K, 99% used [0x00000000ed580000,0x00000000ed7fc030,0x00000000ed800000)
  to   space 2560K, 0% used [0x00000000ed300000,0x00000000ed300000,0x00000000ed580000)
 ParOldGen       total 44032K, used 6639K [0x00000000c1800000, 0x00000000c4300000, 0x00000000eb300000)
  object space 44032K, 15% used [0x00000000c1800000,0x00000000c1e7bd78,0x00000000c4300000)
 Metaspace       used 12851K, capacity 13036K, committed 13312K, reserved 1060864K
  class space    used 1638K, capacity 1740K, committed 1792K, reserved 1048576K
}
Event: 8.641 GC heap before
{Heap before GC invocations=5 (full 0):
 PSYoungGen      total 35328K, used 35312K [0x00000000eb300000, 0x00000000ed800000, 0x0000000100000000)
  eden space 32768K, 100% used [0x00000000eb300000,0x00000000ed300000,0x00000000ed300000)
  from space 2560K, 99% used [0x00000000ed580000,0x00000000ed7fc030,0x00000000ed800000)
  to   space 2560K, 0% used [0x00000000ed300000,0x00000000ed300000,0x00000000ed580000)
 ParOldGen       total 44032K, used 6639K [0x00000000c1800000, 0x00000000c4300000, 0x00000000eb300000)
  object space 44032K, 15% used [0x00000000c1800000,0x00000000c1e7bd78,0x00000000c4300000)
 Metaspace       used 14941K, capacity 15136K, committed 15232K, reserved 1062912K
  class space    used 1830K, capacity 1914K, committed 1920K, reserved 1048576K
Event: 8.656 GC heap after
Heap after GC invocations=5 (full 0):
 PSYoungGen      total 34304K, used 2528K [0x00000000eb300000, 0x00000000ee100000, 0x0000000100000000)
  eden space 31744K, 0% used [0x00000000eb300000,0x00000000eb300000,0x00000000ed200000)
  from space 2560K, 98% used [0x00000000ed300000,0x00000000ed578040,0x00000000ed580000)
  to   space 7680K, 0% used [0x00000000ed980000,0x00000000ed980000,0x00000000ee100000)
 ParOldGen       total 44032K, used 10534K [0x00000000c1800000, 0x00000000c4300000, 0x00000000eb300000)
  object space 44032K, 23% used [0x00000000c1800000,0x00000000c2249b28,0x00000000c4300000)
 Metaspace       used 14941K, capacity 15136K, committed 15232K, reserved 1062912K
  class space    used 1830K, capacity 1914K, committed 1920K, reserved 1048576K
}
Event: 11.074 GC heap before
{Heap before GC invocations=6 (full 0):
 PSYoungGen      total 34304K, used 34272K [0x00000000eb300000, 0x00000000ee100000, 0x0000000100000000)
  eden space 31744K, 100% used [0x00000000eb300000,0x00000000ed200000,0x00000000ed200000)
  from space 2560K, 98% used [0x00000000ed300000,0x00000000ed578040,0x00000000ed580000)
  to   space 7680K, 0% used [0x00000000ed980000,0x00000000ed980000,0x00000000ee100000)
 ParOldGen       total 44032K, used 10534K [0x00000000c1800000, 0x00000000c4300000, 0x00000000eb300000)
  object space 44032K, 23% used [0x00000000c1800000,0x00000000c2249b28,0x00000000c4300000)
 Metaspace       used 15363K, capacity 15576K, committed 15872K, reserved 1062912K
  class space    used 1848K, capacity 1950K, committed 2048K, reserved 1048576K
Event: 11.093 GC heap after
Heap after GC invocations=6 (full 0):
 PSYoungGen      total 36352K, used 4240K [0x00000000eb300000, 0x00000000edf00000, 0x0000000100000000)
  eden space 30720K, 0% used [0x00000000eb300000,0x00000000eb300000,0x00000000ed100000)
  from space 5632K, 75% used [0x00000000ed980000,0x00000000edda4010,0x00000000edf00000)
  to   space 7168K, 0% used [0x00000000ed100000,0x00000000ed100000,0x00000000ed800000)
 ParOldGen       total 44032K, used 10534K [0x00000000c1800000, 0x00000000c4300000, 0x00000000eb300000)
  object space 44032K, 23% used [0x00000000c1800000,0x00000000c2249b28,0x00000000c4300000)
 Metaspace       used 15363K, capacity 15576K, committed 15872K, reserved 1062912K
  class space    used 1848K, capacity 1950K, committed 2048K, reserved 1048576K
}
Event: 12.256 GC heap before
{Heap before GC invocations=7 (full 0):
 PSYoungGen      total 36352K, used 34960K [0x00000000eb300000, 0x00000000edf00000, 0x0000000100000000)
  eden space 30720K, 100% used [0x00000000eb300000,0x00000000ed100000,0x00000000ed100000)
  from space 5632K, 75% used [0x00000000ed980000,0x00000000edda4010,0x00000000edf00000)
  to   space 7168K, 0% used [0x00000000ed100000,0x00000000ed100000,0x00000000ed800000)
 ParOldGen       total 44032K, used 10534K [0x00000000c1800000, 0x00000000c4300000, 0x00000000eb300000)
  object space 44032K, 23% used [0x00000000c1800000,0x00000000c2249b28,0x00000000c4300000)
 Metaspace       used 16060K, capacity 16374K, committed 16640K, reserved 1064960K
  class space    used 1926K, capacity 2023K, committed 2048K, reserved 1048576K
Event: 12.273 GC heap after
Heap after GC invocations=7 (full 0):
 PSYoungGen      total 37888K, used 5187K [0x00000000eb300000, 0x00000000efd00000, 0x0000000100000000)
  eden space 30720K, 0% used [0x00000000eb300000,0x00000000eb300000,0x00000000ed100000)
  from space 7168K, 72% used [0x00000000ed100000,0x00000000ed610ff0,0x00000000ed800000)
  to   space 7168K, 0% used [0x00000000ef600000,0x00000000ef600000,0x00000000efd00000)
 ParOldGen       total 44032K, used 11458K [0x00000000c1800000, 0x00000000c4300000, 0x00000000eb300000)
  object space 44032K, 26% used [0x00000000c1800000,0x00000000c2330b88,0x00000000c4300000)
 Metaspace       used 16060K, capacity 16374K, committed 16640K, reserved 1064960K
  class space    used 1926K, capacity 2023K, committed 2048K, reserved 1048576K
}

