# JRE version: Java(TM) SE Runtime Environment (8.0_151-b12) (build 1.8.0_151-b12)
# Java VM: Java HotSpot(TM) 64-Bit Server VM (25.151-b12 mixed mode windows-amd64 compressed oops)
Heap:
 PSYoungGen      total 71680K, used 4303K [0x00000000eb300000, 0x00000000f0000000, 0x0000000100000000)
  eden space 65024K, 0% used [0x00000000eb300000,0x00000000eb300000,0x00000000ef280000)
  from space 6656K, 64% used [0x00000000ef280000,0x00000000ef6b3d78,0x00000000ef900000)
  to   space 6144K, 0% used [0x00000000ef900000,0x00000000ef900000,0x00000000eff00000)
 ParOldGen       total 44032K, used 12608K [0x00000000c1800000, 0x00000000c4300000, 0x00000000eb300000)
  object space 44032K, 28% used [0x00000000c1800000,0x00000000c24502b8,0x00000000c4300000)
 Metaspace       used 17765K, capacity 18106K, committed 18176K, reserved 1069056K
  class space    used 2156K, capacity 2263K, committed 2304K, reserved 1048576K
GC Heap History (10 events):
Event: 8.210 GC heap after
Heap after GC invocations=5 (full 0):
 PSYoungGen      total 18944K, used 2544K [0x00000000eb300000, 0x00000000ee000000, 0x0000000100000000)
  eden space 16384K, 0% used [0x00000000eb300000,0x00000000eb300000,0x00000000ec300000)
  from space 2560K, 99% used [0x00000000ec300000,0x00000000ec57c010,0x00000000ec580000)
  to   space 6656K, 0% used [0x00000000ed980000,0x00000000ed980000,0x00000000ee000000)
 ParOldGen       total 44032K, used 9130K [0x00000000c1800000, 0x00000000c4300000, 0x00000000eb300000)
  object space 44032K, 20% used [0x00000000c1800000,0x00000000c20eaa58,0x00000000c4300000)
 Metaspace       used 14739K, capacity 14914K, committed 15232K, reserved 1062912K
  class space    used 1827K, capacity 1909K, committed 1920K, reserved 1048576K
}
Event: 9.196 GC heap before
{Heap before GC invocations=6 (full 0):
 PSYoungGen      total 18944K, used 18928K [0x00000000eb300000, 0x00000000ee000000, 0x0000000100000000)
  eden space 16384K, 100% used [0x00000000eb300000,0x00000000ec300000,0x00000000ec300000)
  from space 2560K, 99% used [0x00000000ec300000,0x00000000ec57c010,0x00000000ec580000)
  to   space 6656K, 0% used [0x00000000ed980000,0x00000000ed980000,0x00000000ee000000)
 ParOldGen       total 44032K, used 9130K [0x00000000c1800000, 0x00000000c4300000, 0x00000000eb300000)
  object space 44032K, 20% used [0x00000000c1800000,0x00000000c20eaa58,0x00000000c4300000)
 Metaspace       used 14918K, capacity 15136K, committed 15232K, reserved 1062912K
  class space    used 1832K, capacity 1914K, committed 1920K, reserved 1048576K
Event: 9.205 GC heap after
Heap after GC invocations=6 (full 0):
 PSYoungGen      total 39424K, used 3632K [0x00000000eb300000, 0x00000000ee000000, 0x0000000100000000)
  eden space 32768K, 0% used [0x00000000eb300000,0x00000000eb300000,0x00000000ed300000)
  from space 6656K, 54% used [0x00000000ed980000,0x00000000edd0c010,0x00000000ee000000)
  to   space 6656K, 0% used [0x00000000ed300000,0x00000000ed300000,0x00000000ed980000)
 ParOldGen       total 44032K, used 9138K [0x00000000c1800000, 0x00000000c4300000, 0x00000000eb300000)
  object space 44032K, 20% used [0x00000000c1800000,0x00000000c20eca58,0x00000000c4300000)
 Metaspace       used 14918K, capacity 15136K, committed 15232K, reserved 1062912K
  class space    used 1832K, capacity 1914K, committed 1920K, reserved 1048576K
}
Event: 11.371 GC heap before
{Heap before GC invocations=7 (full 0):
 PSYoungGen      total 39424K, used 36400K [0x00000000eb300000, 0x00000000ee000000, 0x0000000100000000)
  eden space 32768K, 100% used [0x00000000eb300000,0x00000000ed300000,0x00000000ed300000)
  from space 6656K, 54% used [0x00000000ed980000,0x00000000edd0c010,0x00000000ee000000)
  to   space 6656K, 0% used [0x00000000ed300000,0x00000000ed300000,0x00000000ed980000)
 ParOldGen       total 44032K, used 9138K [0x00000000c1800000, 0x00000000c4300000, 0x00000000eb300000)
  object space 44032K, 20% used [0x00000000c1800000,0x00000000c20eca58,0x00000000c4300000)
 Metaspace       used 15372K, capacity 15576K, committed 15872K, reserved 1062912K
  class space    used 1848K, capacity 1950K, committed 2048K, reserved 1048576K
Event: 11.393 GC heap after
Heap after GC invocations=7 (full 0):
 PSYoungGen      total 39424K, used 4576K [0x00000000eb300000, 0x00000000eff00000, 0x0000000100000000)
  eden space 32768K, 0% used [0x00000000eb300000,0x00000000eb300000,0x00000000ed300000)
  from space 6656K, 68% used [0x00000000ed300000,0x00000000ed778020,0x00000000ed980000)
  to   space 6144K, 0% used [0x00000000ef900000,0x00000000ef900000,0x00000000eff00000)
 ParOldGen       total 44032K, used 9850K [0x00000000c1800000, 0x00000000c4300000, 0x00000000eb300000)
  object space 44032K, 22% used [0x00000000c1800000,0x00000000c219ea78,0x00000000c4300000)
 Metaspace       used 15372K, capacity 15576K, committed 15872K, reserved 1062912K
  class space    used 1848K, capacity 1950K, committed 2048K, reserved 1048576K
}
Event: 12.588 GC heap before
{Heap before GC invocations=8 (full 0):
 PSYoungGen      total 39424K, used 37344K [0x00000000eb300000, 0x00000000eff00000, 0x0000000100000000)
  eden space 32768K, 100% used [0x00000000eb300000,0x00000000ed300000,0x00000000ed300000)
  from space 6656K, 68% used [0x00000000ed300000,0x00000000ed778020,0x00000000ed980000)
  to   space 6144K, 0% used [0x00000000ef900000,0x00000000ef900000,0x00000000eff00000)
 ParOldGen       total 44032K, used 9850K [0x00000000c1800000, 0x00000000c4300000, 0x00000000eb300000)
  object space 44032K, 22% used [0x00000000c1800000,0x00000000c219ea78,0x00000000c4300000)
 Metaspace       used 16093K, capacity 16438K, committed 16640K, reserved 1064960K
  class space    used 1926K, capacity 2023K, committed 2048K, reserved 1048576K
Event: 12.622 GC heap after
Heap after GC invocations=8 (full 0):
 PSYoungGen      total 71168K, used 5619K [0x00000000eb300000, 0x00000000f0000000, 0x0000000100000000)
  eden space 65024K, 0% used [0x00000000eb300000,0x00000000eb300000,0x00000000ef280000)
  from space 6144K, 91% used [0x00000000ef900000,0x00000000efe7cfe0,0x00000000eff00000)
  to   space 6656K, 0% used [0x00000000ef280000,0x00000000ef280000,0x00000000ef900000)
 ParOldGen       total 44032K, used 10784K [0x00000000c1800000, 0x00000000c4300000, 0x00000000eb300000)
  object space 44032K, 24% used [0x00000000c1800000,0x00000000c22882b8,0x00000000c4300000)
 Metaspace       used 16093K, capacity 16438K, committed 16640K, reserved 1064960K
  class space    used 1926K, capacity 2023K, committed 2048K, reserved 1048576K
}
Event: 14.267 GC heap before
{Heap before GC invocations=9 (full 0):
 PSYoungGen      total 71168K, used 13517K [0x00000000eb300000, 0x00000000f0000000, 0x0000000100000000)
  eden space 65024K, 12% used [0x00000000eb300000,0x00000000ebab66d8,0x00000000ef280000)
  from space 6144K, 91% used [0x00000000ef900000,0x00000000efe7cfe0,0x00000000eff00000)
  to   space 6656K, 0% used [0x00000000ef280000,0x00000000ef280000,0x00000000ef900000)
 ParOldGen       total 44032K, used 10784K [0x00000000c1800000, 0x00000000c4300000, 0x00000000eb300000)
  object space 44032K, 24% used [0x00000000c1800000,0x00000000c22882b8,0x00000000c4300000)
 Metaspace       used 17765K, capacity 18106K, committed 18176K, reserved 1069056K
  class space    used 2156K, capacity 2263K, committed 2304K, reserved 1048576K
Event: 14.308 GC heap after
Heap after GC invocations=9 (full 0):
 PSYoungGen      total 71680K, used 4303K [0x00000000eb300000, 0x00000000f0000000, 0x0000000100000000)
  eden space 65024K, 0% used [0x00000000eb300000,0x00000000eb300000,0x00000000ef280000)
  from space 6656K, 64% used [0x00000000ef280000,0x00000000ef6b3d78,0x00000000ef900000)
  to   space 6144K, 0% used [0x00000000ef900000,0x00000000ef900000,0x00000000eff00000)
 ParOldGen       total 44032K, used 12608K [0x00000000c1800000, 0x00000000c4300000, 0x00000000eb300000)
  object space 44032K, 28% used [0x00000000c1800000,0x00000000c24502b8,0x00000000c4300000)
 Metaspace       used 17765K, capacity 18106K, committed 18176K, reserved 1069056K
  class space    used 2156K, capacity 2263K, committed 2304K, reserved 1048576K
}
Event: 14.308 GC heap before
{Heap before GC invocations=10 (full 1):
 PSYoungGen      total 71680K, used 4303K [0x00000000eb300000, 0x00000000f0000000, 0x0000000100000000)
  eden space 65024K, 0% used [0x00000000eb300000,0x00000000eb300000,0x00000000ef280000)
  from space 6656K, 64% used [0x00000000ef280000,0x00000000ef6b3d78,0x00000000ef900000)
  to   space 6144K, 0% used [0x00000000ef900000,0x00000000ef900000,0x00000000eff00000)
 ParOldGen       total 44032K, used 12608K [0x00000000c1800000, 0x00000000c4300000, 0x00000000eb300000)
  object space 44032K, 28% used [0x00000000c1800000,0x00000000c24502b8,0x00000000c4300000)
 Metaspace       used 17765K, capacity 18106K, committed 18176K, reserved 1069056K
  class space    used 2156K, capacity 2263K, committed 2304K, reserved 1048576K

