<?xml version="1.0" encoding="UTF-8"?>
<testng-results skipped="0" failed="0" ignored="0" total="1" passed="1">
  <reporter-output>
  </reporter-output>
  <suite name="App" duration-ms="50206" started-at="2017-12-20T22:16:45Z" finished-at="2017-12-20T22:17:35Z">
    <groups>
    </groups>
    <test name="4" duration-ms="50206" started-at="2017-12-20T22:16:45Z" finished-at="2017-12-20T22:17:35Z">
      <class name="com.android.app.AppTest">
        <test-method status="PASS" signature="setUp()[pri:0, instance:com.android.app.AppTest@2a17b7b6]" name="setUp" is-config="true" duration-ms="42899" started-at="2017-12-21T00:16:45Z" finished-at="2017-12-21T00:17:28Z">
          <reporter-output>
          </reporter-output>
        </test-method> <!-- setUp -->
        <test-method status="PASS" signature="Sum()[pri:0, instance:com.android.app.AppTest@2a17b7b6]" name="Sum" duration-ms="4040" started-at="2017-12-21T00:17:28Z" finished-at="2017-12-21T00:17:32Z">
          <reporter-output>
          </reporter-output>
        </test-method> <!-- Sum -->
        <test-method status="PASS" signature="End()[pri:0, instance:com.android.app.AppTest@2a17b7b6]" name="End" is-config="true" duration-ms="3234" started-at="2017-12-21T00:17:32Z" finished-at="2017-12-21T00:17:35Z">
          <reporter-output>
          </reporter-output>
        </test-method> <!-- End -->
      </class> <!-- com.android.app.AppTest -->
    </test> <!-- 4 -->
  </suite> <!-- App -->
</testng-results>
